[Make the kernels]
[make mipseb]
make[1]: Entering directory '/home/onigiri2/workspaces/1_inp/FirmHunter/Emulator/source/Kernel-armel/build/armel'
  GEN     ./Makefile
  HOSTCC  scripts/basic/fixdep
  HOSTCC  scripts/kconfig/conf.o
  SHIPPED scripts/kconfig/zconf.tab.c
  SHIPPED scripts/kconfig/zconf.lex.c
  SHIPPED scripts/kconfig/zconf.hash.c
  HOSTCC  scripts/kconfig/zconf.tab.o
  HOSTLD  scripts/kconfig/conf
scripts/kconfig/conf  --silentoldconfig Kconfig
#
# configuration written to .config
#
  CHK     include/config/kernel.release
  GEN     ./Makefile
  WRAP    arch/arm/include/generated/asm/bitsperlong.h
  WRAP    arch/arm/include/generated/asm/cputime.h
  WRAP    arch/arm/include/generated/asm/current.h
  UPD     include/config/kernel.release
  WRAP    arch/arm/include/generated/asm/emergency-restart.h
  WRAP    arch/arm/include/generated/asm/errno.h
  WRAP    arch/arm/include/generated/asm/exec.h
  WRAP    arch/arm/include/generated/asm/ioctl.h
  WRAP    arch/arm/include/generated/asm/ipcbuf.h
  WRAP    arch/arm/include/generated/asm/irq_regs.h
  WRAP    arch/arm/include/generated/asm/kdebug.h
  WRAP    arch/arm/include/generated/asm/local.h
  WRAP    arch/arm/include/generated/asm/local64.h
  WRAP    arch/arm/include/generated/asm/mcs_spinlock.h
  CHK     include/generated/uapi/linux/version.h
  WRAP    arch/arm/include/generated/asm/msgbuf.h
  WRAP    arch/arm/include/generated/asm/param.h
  WRAP    arch/arm/include/generated/asm/parport.h
  WRAP    arch/arm/include/generated/asm/poll.h
  WRAP    arch/arm/include/generated/asm/preempt.h
  WRAP    arch/arm/include/generated/asm/resource.h
  WRAP    arch/arm/include/generated/asm/rwsem.h
  UPD     include/generated/uapi/linux/version.h
  WRAP    arch/arm/include/generated/asm/scatterlist.h
  WRAP    arch/arm/include/generated/asm/seccomp.h
  WRAP    arch/arm/include/generated/asm/sections.h
  WRAP    arch/arm/include/generated/asm/segment.h
  WRAP    arch/arm/include/generated/asm/sembuf.h
  WRAP    arch/arm/include/generated/asm/serial.h
  WRAP    arch/arm/include/generated/asm/shmbuf.h
  WRAP    arch/arm/include/generated/asm/siginfo.h
  WRAP    arch/arm/include/generated/asm/simd.h
  WRAP    arch/arm/include/generated/asm/sizes.h
  WRAP    arch/arm/include/generated/asm/socket.h
  WRAP    arch/arm/include/generated/asm/sockios.h
  WRAP    arch/arm/include/generated/asm/termbits.h
  WRAP    arch/arm/include/generated/asm/termios.h
  WRAP    arch/arm/include/generated/asm/timex.h
  WRAP    arch/arm/include/generated/asm/trace_clock.h
  WRAP    arch/arm/include/generated/asm/unaligned.h
  HOSTCC  scripts/basic/bin2c
  Using /home/onigiri2/workspaces/1_inp/FirmHunter/Emulator/source/Kernel-armel as source for kernel
  CHK     include/generated/utsrelease.h
  UPD     include/generated/utsrelease.h
  Generating include/generated/mach-types.h
  HOSTCC  scripts/kallsyms
  HOSTCC  scripts/conmakehash
  HOSTCC  scripts/sortextable
  HOSTCC  scripts/dtc/dtc.o
  HOSTCC  scripts/dtc/flattree.o
  HOSTCC  scripts/genksyms/genksyms.o
  CC      scripts/mod/empty.o
  CC      kernel/bounds.s
  HOSTCC  scripts/mod/mk_elfconfig
  HOSTCC  scripts/dtc/fstree.o
  CC      scripts/mod/devicetable-offsets.s
  CHK     include/generated/bounds.h
  UPD     include/generated/bounds.h
  CC      arch/arm/kernel/asm-offsets.s
  HOSTCC  scripts/dtc/data.o
  MKELF   scripts/mod/elfconfig.h
  GEN     scripts/mod/devicetable-offsets.h
  HOSTCC  scripts/mod/sumversion.o
  SHIPPED scripts/genksyms/parse.tab.c
  SHIPPED scripts/genksyms/lex.lex.c
  SHIPPED scripts/genksyms/keywords.hash.c
  HOSTCC  scripts/dtc/livetree.o
  HOSTCC  scripts/dtc/treesource.o
  HOSTCC  scripts/dtc/srcpos.o
  SHIPPED scripts/genksyms/parse.tab.h
  HOSTCC  scripts/dtc/checks.o
  HOSTCC  scripts/genksyms/parse.tab.o
  HOSTCC  scripts/dtc/util.o
  SHIPPED scripts/dtc/dtc-lexer.lex.c
  SHIPPED scripts/dtc/dtc-parser.tab.h
  HOSTCC  scripts/genksyms/lex.lex.o
  SHIPPED scripts/dtc/dtc-parser.tab.c
  HOSTCC  scripts/dtc/dtc-lexer.lex.o
  HOSTCC  scripts/mod/modpost.o
  HOSTCC  scripts/dtc/dtc-parser.tab.o
  CHK     include/generated/asm-offsets.h
  UPD     include/generated/asm-offsets.h
  CALL    /home/onigiri2/workspaces/1_inp/FirmHunter/Emulator/source/Kernel-armel/scripts/checksyscalls.sh
  HOSTCC  scripts/mod/file2alias.o
  HOSTLD  scripts/dtc/dtc
  HOSTLD  scripts/genksyms/genksyms
  HOSTLD  scripts/mod/modpost
  HOSTCC  usr/gen_init_cpio
  CC      init/main.o
  CHK     include/generated/compile.h
  CC      init/do_mounts.o
  CC      init/do_mounts_rd.o
  CC      arch/arm/nwfpe/fpa11.o
  UPD     include/generated/compile.h
  CC      arch/arm/vfp/vfpmodule.o
  AS      arch/arm/vfp/entry.o
  AS      arch/arm/vfp/vfphw.o
  CC      arch/arm/vfp/vfpsingle.o
  LDS     arch/arm/vdso/vdso.lds
  CC      arch/arm/vdso/vgettimeofday.o
  CC      arch/arm/nwfpe/fpa11_cpdo.o
  GEN     usr/initramfs_data.cpio.gz
  AS      usr/initramfs_data.o
  LD      usr/built-in.o
  CC      arch/arm/nwfpe/fpa11_cpdt.o
  CC      init/do_mounts_initrd.o
  AS      arch/arm/vdso/datapage.o
  HOSTCC  arch/arm/vdso/vdsomunge
  CC      arch/arm/nwfpe/fpa11_cprt.o
  VDSO    arch/arm/vdso/vdso.so.raw
  CC      arch/arm/vfp/vfpdouble.o
  MUNGE   arch/arm/vdso/vdso.so.dbg
  OBJCOPY arch/arm/vdso/vdso.so
  AS      arch/arm/vdso/vdso.o
  LD      arch/arm/vdso/built-in.o
  CC      arch/arm/kernel/elf.o
  CC      arch/arm/mm/dma-mapping.o
  CC      arch/arm/nwfpe/fpmodule.o
  CC      arch/arm/common/firmware.o
  CC      arch/arm/probes/decode.o
  AS      arch/arm/kernel/entry-common.o
  CC      arch/arm/kernel/irq.o
  CC      arch/arm/nwfpe/fpopcode.o
  CC      arch/arm/kernel/opcodes.o
  CC      arch/arm/probes/kprobes/core.o
  CC      arch/arm/nwfpe/softfloat.o
  LD      arch/arm/common/built-in.o
  CC      init/initramfs.o
  CC      arch/arm/kernel/process.o
  CC      arch/arm/nwfpe/single_cpdo.o
  CC      arch/arm/probes/kprobes/actions-common.o
  CC      arch/arm/nwfpe/double_cpdo.o
  AS      arch/arm/nwfpe/entry.o
  CC      arch/arm/probes/kprobes/checkers-common.o
  LD      arch/arm/vfp/vfp.o
  LD      arch/arm/vfp/built-in.o
  CC      arch/arm/probes/kprobes/actions-arm.o
  LD      arch/arm/net/built-in.o
  CC      arch/arm/nwfpe/extended_cpdo.o
  CC      init/calibrate.o
  CC      init/init_task.o
  CC      arch/arm/mm/extable.o
  CC      arch/arm/kernel/ptrace.o
  CC      arch/arm/probes/decode-arm.o
  CC      arch/arm/probes/kprobes/checkers-arm.o
  CC      arch/arm/mm/fault.o
  CC      arch/arm/probes/kprobes/opt-arm.o
  LD      arch/arm/crypto/built-in.o
  CC      init/version.o
  LD      init/mounts.o
  CC      arch/arm/kernel/reboot.o
  LD      arch/arm/firmware/built-in.o
  CC      arch/arm/mm/init.o
  CC      arch/arm/mm/iomap.o
  LD      init/built-in.o
  CC      arch/arm/mm/fault-armv.o
  LD      arch/arm/probes/kprobes/built-in.o
  LD      arch/arm/probes/built-in.o
  CC      arch/arm/kernel/return_address.o
  CC      kernel/fork.o
  CC      mm/filemap.o
  CC      fs/open.o
  CC      fs/read_write.o
  CC      fs/file_table.o
  CC      arch/arm/mm/flush.o
  CC      arch/arm/kernel/setup.o
  CC      arch/arm/kernel/signal.o
  CC      arch/arm/mm/idmap.o
  CC      arch/arm/mm/ioremap.o
  CC      arch/arm/mm/mmap.o
  LD      arch/arm/nwfpe/nwfpe.o
  LD      arch/arm/nwfpe/built-in.o
  CC      arch/arm/mm/pgd.o
  CC      arch/arm/mm/mmu.o
  CC      fs/super.o
  AS      arch/arm/kernel/sigreturn_codes.o
  CC      arch/arm/kernel/stacktrace.o
  CC      arch/arm/kernel/sys_arm.o
  CC      fs/char_dev.o
  CC      kernel/exec_domain.o
  CC      kernel/panic.o
  CC      kernel/cpu.o
  CC      mm/mempool.o
  CC      arch/arm/kernel/time.o
  CC      arch/arm/mm/pageattr.o
  CC      arch/arm/kernel/traps.o
  CC      mm/oom_kill.o
  CC      arch/arm/mm/proc-syms.o
  CC      kernel/exit.o
  CC      kernel/softirq.o
  CC      fs/stat.o
  CC      ipc/util.o
  CC      ipc/msgutil.o
  CC      arch/arm/mm/alignment.o
  AS      arch/arm/mm/abort-ev7.o
  CC      kernel/resource.o
  CC      arch/arm/kernel/atags_parse.o
  AS      arch/arm/kernel/entry-armv.o
  CC      ipc/msg.o
  CC      fs/exec.o
  AS      arch/arm/mm/pabort-v7.o
  CC      mm/maccess.o
  AS      arch/arm/mm/cache-v7.o
  CC      arch/arm/kernel/cpuidle.o
  CC      arch/arm/mm/copypage-v6.o
  CC      arch/arm/mm/context.o
  CC      arch/arm/kernel/armksyms.o
  CC      mm/page_alloc.o
  CC      fs/pipe.o
  AS      arch/arm/mm/tlb-v7.o
  AS      arch/arm/mm/proc-v7.o
  CC      arch/arm/mm/l2c-common.o
  CC      mm/page-writeback.o
  CC      ipc/sem.o
  CC      arch/arm/mm/cache-l2x0.o
  CC      kernel/sysctl.o
  CC      arch/arm/kernel/module.o
  CC      arch/arm/kernel/bios32.o
  CC      arch/arm/kernel/isa.o
  CC      fs/namei.o
  AS      arch/arm/mm/l2c-l2x0-resume.o
  LD      arch/arm/mm/built-in.o
  CC      mm/readahead.o
  CC      mm/swap.o
  CC      ipc/shm.o
  AS      arch/arm/kernel/sleep.o
  CC      arch/arm/kernel/suspend.o
  CC      kernel/sysctl_binary.o
  CC      ipc/syscall.o
  CC      arch/arm/kernel/arch_timer.o
  CC      arch/arm/kernel/patch.o
  CC      arch/arm/kernel/insn.o
  CC      mm/truncate.o
  CC      mm/vmscan.o
  CC      arch/arm/kernel/sys_oabi-compat.o
  CC      arch/arm/kernel/unwind.o
  CC      ipc/ipc_sysctl.o
  CC      kernel/capability.o
  CC      arch/arm/kernel/devtree.o
  CC      ipc/mqueue.o
  CC      ipc/mq_sysctl.o
  CC      mm/shmem.o
  CC      fs/fcntl.o
  CC      arch/arm/kernel/swp_emulate.o
  CC      fs/ioctl.o
  CC      kernel/ptrace.o
  CC      arch/arm/kernel/vdso.o
  CC      arch/arm/kernel/io.o
  CC      kernel/user.o
  CC      kernel/signal.o
  AS      arch/arm/kernel/hyp-stub.o
  CC      arch/arm/kernel/psci.o
  LD      ipc/built-in.o
  CC      kernel/sys.o
  AS      arch/arm/kernel/psci-call.o
  CC      kernel/kmod.o
  AS      arch/arm/kernel/head.o
  LDS     arch/arm/kernel/vmlinux.lds
  CC      fs/readdir.o
  LD      arch/arm/kernel/built-in.o
  CC      fs/select.o
  CC      security/commoncap.o
  CC      fs/dcache.o
  CC      mm/util.o
  CC      mm/mmzone.o
  CC      security/min_addr.o
  CC      kernel/workqueue.o
  LD      security/built-in.o
  CC      kernel/pid.o
  CC      kernel/task_work.o
  CC      mm/vmstat.o
  CC      mm/backing-dev.o
  CC      crypto/api.o
  CC      crypto/cipher.o
  CC      crypto/compress.o
  CC      fs/inode.o
  CC      mm/mm_init.o
  CC      mm/mmu_context.o
  CC      mm/percpu.o
  CC      mm/slab_common.o
  CC      mm/compaction.o
  CC      crypto/memneq.o
  CC      kernel/extable.o
  CC      kernel/params.o
  CC      kernel/kthread.o
  CC      mm/vmacache.o
  CC      crypto/crypto_wq.o
  CC      kernel/sys_ni.o
  CC      mm/interval_tree.o
  CC      crypto/algapi.o
  CC      fs/attr.o
  CC      fs/bad_inode.o
  CC      crypto/scatterwalk.o
  CC      crypto/proc.o
  CC      kernel/nsproxy.o
  CC      kernel/notifier.o
  CC      mm/list_lru.o
  CC      kernel/ksysfs.o
  CC      kernel/cred.o
  CC      fs/file.o
  CC      fs/filesystems.o
  CC      fs/namespace.o
  CC      fs/seq_file.o
  CC      fs/xattr.o
  CC      mm/workingset.o
  CC      crypto/aead.o
  CC      crypto/ablkcipher.o
  CC      mm/debug.o
  CC      kernel/reboot.o
  CC      mm/gup.o
  CC      mm/highmem.o
  CC      fs/libfs.o
  CC      block/bio.o
  CC      kernel/async.o
  CC      kernel/range.o
  CC      kernel/smpboot.o
  CC      crypto/blkcipher.o
  CC      mm/memory.o
  CC      mm/mincore.o
  CC      kernel/groups.o
  CC      kernel/bpf/core.o
  CC      kernel/irq/irqdesc.o
  CC      kernel/irq/handle.o
  CC      fs/fs-writeback.o
  CC      fs/pnode.o
  CC      mm/mlock.o
  CC      crypto/chainiv.o
  CC      kernel/irq/manage.o
  CC      block/elevator.o
  CC      block/blk-core.o
  CC      crypto/eseqiv.o
  LD      kernel/bpf/built-in.o
  CC      crypto/seqiv.o
  CC      mm/mmap.o
  LD      kernel/livepatch/built-in.o
  CC      mm/mprotect.o
  CC      kernel/irq/spurious.o
  CC      kernel/irq/resend.o
  CC      crypto/ahash.o
  CC      fs/splice.o
  CC      fs/sync.o
  CC      kernel/irq/chip.o
  CC      kernel/irq/dummychip.o
  CC      drivers/amba/bus.o
  LD      drivers/auxdisplay/built-in.o
  CC      fs/utimes.o
  CC      crypto/shash.o
  CC      crypto/pcompress.o
  CC      kernel/irq/devres.o
  CC      kernel/irq/autoprobe.o
  LD      drivers/amba/built-in.o
  CC      drivers/base/component.o
  CC      drivers/base/core.o
  CC      kernel/irq/irqdomain.o
  CC      drivers/base/bus.o
  CC      block/blk-tag.o
  CC      fs/stack.o
  CC      fs/fs_struct.o
  CC      drivers/base/dd.o
  CC      mm/mremap.o
  CC      crypto/algboss.o
  CC      fs/statfs.o
  CC      block/blk-sysfs.o
  CC      block/blk-flush.o
  CC      kernel/irq/proc.o
  CC      block/blk-settings.o
  CC      mm/msync.o
  CC      kernel/irq/pm.o
  CC      crypto/testmgr.o
  CC      fs/fs_pin.o
  CC      kernel/irq/msi.o
  CC      drivers/base/syscore.o
  CC      mm/rmap.o
  CC      mm/vmalloc.o
  CC      mm/pagewalk.o
  CC      fs/nsfs.o
  CC      block/blk-ioc.o
  CC      crypto/hmac.o
  LD      kernel/irq/built-in.o
  CC      kernel/locking/mutex.o
  CC      fs/buffer.o
  CC      drivers/base/driver.o
  CC      drivers/base/class.o
  CC      mm/pgtable-generic.o
  CC      crypto/crypto_null.o
  CC      kernel/locking/semaphore.o
  CC      block/blk-map.o
  CC      block/blk-exec.o
  CC      crypto/md5.o
  CC      drivers/base/platform.o
  CC      drivers/base/cpu.o
  CC      kernel/locking/rwsem.o
  CC      crypto/sha1_generic.o
  CC      crypto/gf128mul.o
  CC      block/blk-merge.o
  CC      block/blk-softirq.o
  CC      kernel/locking/rtmutex.o
  CC      mm/process_vm_access.o
  CC      mm/init-mm.o
  CC      mm/nobootmem.o
  CC      drivers/base/firmware.o
  CC      drivers/base/init.o
  CC      drivers/base/map.o
  CC      kernel/locking/rwsem-xadd.o
  CC      crypto/ecb.o
  CC      block/blk-timeout.o
  CC      block/blk-iopoll.o
  CC      drivers/base/devres.o
  LD      kernel/locking/built-in.o
  CC      kernel/power/qos.o
  CC      kernel/power/main.o
  CC      crypto/cbc.o
  CC      mm/fadvise.o
  CC      fs/block_dev.o
  CC      mm/madvise.o
  CC      block/blk-lib.o
  CC      drivers/base/attribute_container.o
  CC      block/blk-mq.o
  CC      block/blk-mq-tag.o
  CC      crypto/ctr.o
  CC      kernel/power/console.o
  CC      mm/memblock.o
  CC      drivers/base/transport_class.o
  CC      drivers/base/topology.o
  CC      crypto/gcm.o
  CC      crypto/ccm.o
  CC      kernel/power/process.o
  CC      drivers/base/container.o
  CC      fs/direct-io.o
  CC      drivers/base/property.o
  CC      drivers/block/brd.o
  CC      kernel/power/suspend.o
  CC      mm/page_io.o
  CC      drivers/base/cacheinfo.o
  CC      kernel/power/poweroff.o
  CC      drivers/block/loop.o
  CC      drivers/block/virtio_blk.o
  CC      block/blk-mq-sysfs.o
  CC      crypto/des_generic.o
  CC      mm/swap_state.o
  CC      drivers/base/power/sysfs.o
  LD      kernel/power/built-in.o
  CC      kernel/printk/printk.o
  CC      mm/swapfile.o
  CC      drivers/base/power/generic_ops.o
  CC      block/blk-mq-cpu.o
  CC      kernel/rcu/update.o
  CC      drivers/base/power/common.o
  CC      fs/mpage.o
  CC      block/blk-mq-cpumap.o
  CC      crypto/aes_generic.o
  CC      kernel/rcu/srcu.o
  LD      drivers/block/built-in.o
  CC      kernel/rcu/tiny.o
  CC      drivers/base/power/qos.o
  CC      block/ioctl.o
  CC      block/genhd.o
  LD      kernel/printk/built-in.o
  CC      block/scsi_ioctl.o
  CC      fs/proc_namespace.o
  LD      kernel/rcu/built-in.o
  CC      kernel/sched/core.o
  CC      kernel/sched/proc.o
  CC      drivers/base/power/runtime.o
  CC      fs/cramfs/inode.o
  CC      crypto/arc4.o
  CC      crypto/deflate.o
  CC      mm/dmapool.o
  CC      mm/ksm.o
  CC      mm/slab.o
  CC      block/partition-generic.o
  CC      crypto/crc32c_generic.o
  CC      drivers/base/power/main.o
  CC      fs/cramfs/uncompress.o
  CC      drivers/base/power/wakeup.o
  LD      fs/cramfs/cramfs.o
  LD      fs/cramfs/built-in.o
  CC      fs/devpts/inode.o
  CC      crypto/crct10dif_common.o
  CC      crypto/crct10dif_generic.o
  CC      block/ioprio.o
  LD      fs/devpts/devpts.o
  LD      fs/devpts/built-in.o
  LD      fs/exofs/built-in.o
  CC      fs/exportfs/expfs.o
  CC      crypto/authenc.o
  CC      block/partitions/check.o
  CC      kernel/sched/clock.o
  CC      block/partitions/msdos.o
  CC      drivers/base/power/clock_ops.o
  CC      kernel/sched/cputime.o
  LD      fs/exportfs/exportfs.o
  LD      fs/exportfs/built-in.o
  CC      kernel/sched/idle_task.o
  CC      fs/ext4/balloc.o
  CC      mm/balloon_compaction.o
  CC      kernel/sched/fair.o
  CC      crypto/authencesn.o
  LD      drivers/base/power/built-in.o
  CC      drivers/base/regmap/regmap.o
  LD      block/partitions/built-in.o
  CC      block/bsg.o
  CC      drivers/base/regmap/regcache.o
  LD      mm/built-in.o
  CC      block/noop-iosched.o
  CC      block/cfq-iosched.o
  CC      kernel/sched/rt.o
  CC      kernel/sched/deadline.o
  CC      fs/ext4/bitmap.o
  CC      kernel/sched/stop_task.o
  CC      crypto/rng.o
  CC      crypto/krng.o
  CC      crypto/ansi_cprng.o
  CC      crypto/ghash-generic.o
  CC      fs/ext4/dir.o
  CC      kernel/sched/wait.o
  CC      kernel/sched/completion.o
  CC      kernel/sched/idle.o
  CC      fs/fat/cache.o
  LD      crypto/crypto.o
  LD      crypto/crypto_algapi.o
  LD      crypto/crypto_blkcipher.o
  LD      crypto/crypto_hash.o
  LD      crypto/cryptomgr.o
  LD      crypto/built-in.o
  CC      fs/fat/dir.o
  CC      fs/fat/fatent.o
  CC      drivers/base/regmap/regcache-rbtree.o
  CC      block/bio-integrity.o
  CC      kernel/sched/debug.o
  CC      fs/ext4/file.o
  CC      fs/ext4/fsync.o
  CC      drivers/base/regmap/regcache-lzo.o
  CC      fs/ext4/ialloc.o
  CC      block/blk-integrity.o
  LD      kernel/sched/built-in.o
  CC      drivers/base/regmap/regcache-flat.o
  HZFILE  kernel/time/hz.bc
  CC      kernel/time/timer.o
  CC      kernel/time/hrtimer.o
  CC      kernel/time/itimer.o
  CC      kernel/time/posix-timers.o
  CC      drivers/base/regmap/regmap-mmio.o
  CC      fs/fat/file.o
  CC      fs/fat/inode.o
  CC      block/t10-pi.o
  LD      drivers/base/regmap/built-in.o
  CC      drivers/base/dma-mapping.o
  CC      fs/fat/misc.o
  CC      fs/ext4/inode.o
  CC      fs/isofs/namei.o
  LD      block/built-in.o
  CC      fs/isofs/inode.o
  CC      kernel/time/posix-cpu-timers.o
  CC      kernel/time/timekeeping.o
  CC      drivers/base/dma-coherent.o
  CC      drivers/base/firmware_class.o
  CC      drivers/base/module.o
  LD      sound/built-in.o
  CC      kernel/time/ntp.o
  CC      kernel/time/clocksource.o
  CC      fs/jbd2/transaction.o
  CC      fs/fat/nfs.o
  CC      fs/fat/namei_vfat.o
  LD      drivers/base/built-in.o
  LD      drivers/bus/built-in.o
  LD      drivers/cdrom/built-in.o
  CC      fs/isofs/dir.o
  CC      drivers/char/mem.o
  CC      drivers/char/random.o
  LD      fs/fat/fat.o
  CC      kernel/time/jiffies.o
  CC      fs/isofs/util.o
  CC      fs/isofs/rock.o
  CC      kernel/time/timer_list.o
  CC      fs/ext4/page-io.o
  CC      fs/ext4/ioctl.o
  LD      fs/fat/vfat.o
  LD      fs/fat/built-in.o
  CC      fs/ext4/namei.o
  CC      fs/jbd2/commit.o
  CC      kernel/time/timeconv.o
  CC      fs/isofs/export.o
  CC      kernel/time/timecounter.o
  CC      kernel/freezer.o
  CC      drivers/char/misc.o
  CC      drivers/char/virtio_console.o
  CC      kernel/time/posix-clock.o
  CC      fs/isofs/joliet.o
  CC      fs/isofs/compress.o
  LD      firmware/built-in.o
  CC      fs/ext4/super.o
  CC      fs/ext4/symlink.o
  CC      fs/jbd2/recovery.o
  CC      fs/ext4/hash.o
  CC      kernel/time/alarmtimer.o
  LD      fs/isofs/isofs.o
  CC      fs/jbd2/checkpoint.o
  LD      fs/isofs/built-in.o
  CC      fs/jbd2/revoke.o
  CC      fs/jbd2/journal.o
  CC      kernel/time/clockevents.o
  CC      kernel/time/tick-common.o
  CC      kernel/time/sched_clock.o
  CC      drivers/char/nvram.o
  LD      drivers/char/agp/built-in.o
  CC      drivers/clk/clk-devres.o
  CC      fs/jffs2/compr.o
  CC      fs/kernfs/mount.o
  CC      drivers/clk/clkdev.o
  CC      kernel/time/tick-oneshot.o
  CC      kernel/time/tick-sched.o
  CC      drivers/char/hw_random/core.o
  CC      fs/kernfs/inode.o
  CC      fs/jffs2/dir.o
  CC      fs/jffs2/file.o
  CC      drivers/clk/clk.o
  CC      fs/kernfs/dir.o
  CC      fs/kernfs/file.o
  CC      drivers/char/hw_random/virtio-rng.o
  CC      fs/jffs2/ioctl.o
  BC      kernel/time/timeconst.h
  CC      kernel/time/time.o
  CC      fs/jffs2/nodelist.o
  LD      fs/jbd2/jbd2.o
  LD      fs/jbd2/built-in.o
  CC      fs/kernfs/symlink.o
  LD      drivers/char/hw_random/rng-core.o
  LD      drivers/char/hw_random/built-in.o
  LD      drivers/char/built-in.o
  CC      fs/jffs2/malloc.o
  CC      fs/jffs2/read.o
  CC      fs/jffs2/nodemgmt.o
  CC      drivers/clk/clk-divider.o
  LD      kernel/time/built-in.o
  CC      kernel/futex.o
  LD      fs/kernfs/built-in.o
  CC      drivers/clk/clk-fixed-factor.o
  CC      fs/ext4/resize.o
  CC      fs/ext4/extents.o
  CC      fs/ext4/ext4_jbd2.o
  CC      fs/ext4/migrate.o
  CC      fs/ext4/mballoc.o
  CC      fs/jffs2/readinode.o
  CC      drivers/clk/clk-fixed-rate.o
  CC      drivers/clk/clk-gate.o
  CC      net/socket.o
  CC      net/802/p8022.o
  CC      drivers/clk/clk-mux.o
  CC      fs/jffs2/write.o
  CC      drivers/clk/clk-composite.o
  CC      kernel/up.o
  CC      net/802/psnap.o
  CC      net/802/stp.o
  CC      kernel/uid16.o
  CC      drivers/clk/clk-fractional-divider.o
  CC      fs/jffs2/scan.o
  CC      drivers/clk/clk-gpio-gate.o
  CC      kernel/module.o
  CC      drivers/clk/clk-conf.o
  LD      net/802/built-in.o
  CC      fs/ext4/block_validity.o
  CC      fs/ext4/move_extent.o
  CC      net/8021q/vlan_core.o
  LD      drivers/clk/built-in.o
  CC      drivers/clocksource/clksrc-of.o
  CC      fs/jffs2/gc.o
  CC      drivers/clocksource/arm_arch_timer.o
  CC      fs/jffs2/symlink.o
  CC      kernel/kallsyms.o
  GZIP    kernel/config_data.gz
  CC      fs/nls/nls_base.o
  CC      fs/notify/fsnotify.o
  CC      fs/ext4/mmp.o
  CC      net/8021q/vlan.o
  LD      drivers/clocksource/built-in.o
  CC      drivers/cpuidle/cpuidle.o
  CC      drivers/cpuidle/driver.o
  CC      fs/jffs2/build.o
  CC      fs/nls/nls_cp437.o
  CC      fs/nls/nls_cp850.o
  CC      kernel/kprobes.o
  CC      fs/notify/notification.o
  CC      net/8021q/vlan_dev.o
  CC      fs/ext4/indirect.o
  CC      fs/nls/nls_cp936.o
  CC      fs/jffs2/erase.o
  CC      drivers/cpuidle/governor.o
  CC      fs/nls/nls_iso8859-1.o
  CC      fs/notify/group.o
  CC      drivers/cpuidle/sysfs.o
  LD      drivers/crypto/built-in.o
  CC      fs/nls/nls_utf8.o
  CC      fs/notify/inode_mark.o
  CC      kernel/hung_task.o
  CC      net/8021q/vlan_netlink.o
  CC      fs/jffs2/background.o
  CC      drivers/cpuidle/governors/ladder.o
  LD      fs/nls/built-in.o
  CC      drivers/cpuidle/governors/menu.o
  CC      net/8021q/vlanproc.o
  CC      fs/notify/mark.o
  LD      drivers/cpuidle/governors/built-in.o
  CC      drivers/cpuidle/dt_idle_states.o
  CC      fs/notify/vfsmount_mark.o
  CC      fs/jffs2/fs.o
  CC      fs/ext4/extents_status.o
  CC      fs/ext4/xattr.o
  CC      drivers/cpuidle/cpuidle-arm.o
  CC      kernel/watchdog.o
  CC      fs/ext4/xattr_user.o
  CC      fs/notify/fdinfo.o
  LD      net/8021q/8021q.o
  LD      net/8021q/built-in.o
  CC      net/bridge/br.o
  LD      drivers/cpuidle/built-in.o
  LD      drivers/firewire/built-in.o
  CC      drivers/firmadyne/firmadyne.o
  CC      fs/jffs2/writev.o
  CC      fs/notify/dnotify/dnotify.o
  CC      drivers/firmadyne/hooks.o
  LD      fs/notify/fanotify/built-in.o
  CC      fs/ext4/xattr_trusted.o
  CC      kernel/utsname_sysctl.o
  CC      fs/jffs2/super.o
  CC      net/bridge/br_device.o
  LD      fs/notify/dnotify/built-in.o
  CC      kernel/elfcore.o
  CC      fs/notify/inotify/inotify_fsnotify.o
  LD      drivers/firmware/built-in.o
  CC      fs/ext4/inline.o
/home/onigiri2/workspaces/1_inp/FirmHunter/Emulator/source/Kernel-armel/drivers/firmadyne/hooks.c:240:12: warning: 'open_ret_hook' defined but not used [-Wunused-function]
 static int open_ret_hook(struct kretprobe_instance *ri, struct pt_regs *regs) {
            ^
  CC      fs/notify/inotify/inotify_user.o
  CC      kernel/irq_work.o
  CC      kernel/cpu_pm.o
  CC      drivers/firmadyne/devfs_stubs.o
  CC      fs/jffs2/debug.o
  CC      fs/ext4/readpage.o
  CC      fs/proc/task_mmu.o
  CHK     kernel/config_data.h
  UPD     kernel/config_data.h
  CC      kernel/configs.o
  LD      fs/notify/inotify/built-in.o
  LD      fs/notify/built-in.o
  CC      net/core/sock.o
  CC      fs/jffs2/wbuf.o
  LD      kernel/built-in.o
  CC      fs/jffs2/compr_rubin.o
  CC      drivers/firmadyne/procfs_stubs.o
  CC      net/bridge/br_fdb.o
  LD      drivers/firmadyne/built-in.o
  CC      drivers/gpio/devres.o
  LD      drivers/gpu/drm/bridge/built-in.o
  LD      drivers/gpu/drm/i2c/built-in.o
  LD      drivers/gpu/drm/panel/built-in.o
  LD      drivers/gpu/drm/built-in.o
  CC      drivers/gpu/vga/vgaarb.o
  CC      drivers/gpio/gpiolib.o
  CC      fs/proc/inode.o
  CC      fs/jffs2/compr_rtime.o
  LD      fs/ext4/ext4.o
  LD      fs/ext4/built-in.o
  CC      fs/jffs2/compr_zlib.o
  CC      fs/proc/root.o
  CC      fs/proc/base.o
  CC      fs/jffs2/compr_lzo.o
  CC      net/ethernet/eth.o
  CC      net/bridge/br_forward.o
  LD      arch/arm/lib/built-in.o
  AS      arch/arm/lib/ashldi3.o
  AS      arch/arm/lib/ashrdi3.o
  AS      arch/arm/lib/backtrace.o
  AS      arch/arm/lib/bswapsdi2.o
  AS      arch/arm/lib/call_with_stack.o
  LD      fs/jffs2/jffs2.o
  AS      arch/arm/lib/changebit.o
  LD      fs/jffs2/built-in.o
  CC      net/bridge/br_if.o
  AS      arch/arm/lib/clear_user.o
  AS      arch/arm/lib/clearbit.o
  AS      arch/arm/lib/copy_from_user.o
  AS      arch/arm/lib/copy_page.o
  LD      drivers/gpu/vga/built-in.o
  AS      arch/arm/lib/copy_to_user.o
  LD      drivers/gpu/built-in.o
  AS      arch/arm/lib/csumipv6.o
  CC      net/core/request_sock.o
  AS      arch/arm/lib/csumpartial.o
  AS      arch/arm/lib/csumpartialcopy.o
  AS      arch/arm/lib/csumpartialcopyuser.o
  AS      arch/arm/lib/delay-loop.o
  CC      arch/arm/lib/delay.o
  CC      drivers/gpio/gpiolib-legacy.o
  AS      arch/arm/lib/div64.o
  AS      arch/arm/lib/findbit.o
  AS      arch/arm/lib/getuser.o
  AS      arch/arm/lib/io-readsb.o
  AS      arch/arm/lib/io-readsl.o
  AS      arch/arm/lib/io-readsw-armv4.o
  AS      arch/arm/lib/io-writesb.o
  AS      arch/arm/lib/io-writesl.o
  AS      arch/arm/lib/io-writesw-armv4.o
  AS      arch/arm/lib/lib1funcs.o
  CC      drivers/gpio/gpiolib-of.o
  AS      arch/arm/lib/lshrdi3.o
  AS      arch/arm/lib/memchr.o
  AS      arch/arm/lib/memcpy.o
  AS      arch/arm/lib/memmove.o
  AS      arch/arm/lib/memset.o
  AS      arch/arm/lib/memzero.o
  AS      arch/arm/lib/muldi3.o
  AS      arch/arm/lib/putuser.o
  AS      arch/arm/lib/setbit.o
  AS      arch/arm/lib/strchr.o
  AS      arch/arm/lib/strrchr.o
  CC      fs/proc/generic.o
  CC      net/core/skbuff.o
  AS      arch/arm/lib/testchangebit.o
  LD      net/ethernet/built-in.o
  CC      net/bridge/br_input.o
  AS      arch/arm/lib/testclearbit.o
  AS      arch/arm/lib/testsetbit.o
  AS      arch/arm/lib/ucmpdi2.o
  AR      arch/arm/lib/lib.a
  CC      net/bridge/br_ioctl.o
  CC      drivers/gpio/gpiolib-sysfs.o
  CC      net/core/datagram.o
  CC      drivers/gpio/gpio-generic.o
  CC      fs/proc/array.o
  CC      fs/proc/fd.o
  CC      net/bridge/br_stp.o
  CC      net/core/stream.o
  LD      drivers/gpio/built-in.o
  CC      drivers/hid/hid-core.o
  LD      drivers/hsi/clients/built-in.o
  LD      drivers/hsi/controllers/built-in.o
  LD      drivers/hsi/built-in.o
  CC      net/bridge/br_stp_bpdu.o
  CC      net/core/scm.o
  CC      fs/proc/proc_tty.o
  CC      drivers/hid/hid-input.o
  CC      net/core/gen_stats.o
  CC      fs/proc/cmdline.o
  CC      net/bridge/br_stp_if.o
  CC      fs/proc/consoles.o
  CC      net/core/gen_estimator.o
  CC      net/ipv4/route.o
  CC      fs/proc/cpuinfo.o
  CC      fs/proc/devices.o
  CC      net/ipv6/af_inet6.o
  CC      net/ipv6/anycast.o
  CC      net/bridge/br_stp_timer.o
  CC      fs/proc/interrupts.o
  CC      fs/proc/loadavg.o
  CC      net/core/net_namespace.o
  CC      fs/proc/meminfo.o
  CC      net/bridge/br_netlink.o
  CC      net/bridge/br_sysfs_if.o
  CC      fs/proc/stat.o
  CC      fs/proc/uptime.o
  CC      net/core/secure_seq.o
  CC      fs/proc/version.o
  CC      net/ipv6/ip6_output.o
  CC      fs/proc/softirqs.o
  CC      net/ipv6/ip6_input.o
  CC      net/ipv6/addrconf.o
  CC      net/core/flow_dissector.o
  CC      drivers/hid/hidraw.o
  CC      fs/proc/namespaces.o
  CC      net/ipv4/inetpeer.o
  CC      net/bridge/br_sysfs_br.o
  CC      fs/proc/self.o
  CC      drivers/hid/hid-generic.o
  CC      fs/proc/thread_self.o
  CC      net/core/sysctl_net_core.o
  CC      drivers/hid/usbhid/hid-core.o
  CC      drivers/hid/usbhid/hid-quirks.o
  CC      net/bridge/br_nf_core.o
  CC      fs/proc/proc_sysctl.o
  CC      net/ipv4/protocol.o
  CC      net/ipv4/ip_input.o
  CC      net/core/dev.o
  CC      net/bridge/br_multicast.o
  CC      net/bridge/br_mdb.o
  CC      net/bridge/br_vlan.o
  CC      drivers/hid/usbhid/hiddev.o
  CC      fs/proc/proc_net.o
  CC      net/ipv4/ip_fragment.o
  CC      net/ipv4/ip_forward.o
  CC      fs/proc/kmsg.o
  CC      net/ipv4/ip_options.o
  CC      drivers/hid/usbhid/hid-pidff.o
  CC      fs/proc/page.o
  LD      fs/quota/built-in.o
  CC      net/ipv4/ip_output.o
  CC      net/bridge/br_netfilter.o
  CC      net/ipv6/addrlabel.o
  LD      fs/proc/proc.o
  CC      net/core/ethtool.o
  LD      fs/proc/built-in.o
  CC      fs/ramfs/inode.o
  LD      drivers/hid/usbhid/usbhid.o
  LD      drivers/hid/usbhid/built-in.o
  LD      drivers/hid/hid.o
  LD      drivers/hid/built-in.o
  LD      drivers/i2c/algos/built-in.o
  CC      fs/ramfs/file-mmu.o
  LD      drivers/i2c/busses/built-in.o
  LD      drivers/i2c/muxes/built-in.o
  LD      drivers/i2c/built-in.o
  LD      drivers/idle/built-in.o
  CC      drivers/input/input.o
  LD      fs/ramfs/ramfs.o
  LD      fs/ramfs/built-in.o
  CC      fs/romfs/storage.o
  CC      drivers/input/serio/serio.o
  CC      net/ipv6/route.o
  CC      fs/romfs/super.o
  CC      net/bridge/netfilter/ebtables.o
  CC      drivers/input/serio/serport.o
  LD      fs/romfs/romfs.o
  LD      fs/romfs/built-in.o
  CC      fs/squashfs/block.o
  CC      drivers/input/serio/ambakmi.o
  CC      drivers/input/serio/libps2.o
  CC      net/ipv4/ip_sockglue.o
  CC      net/core/dev_addr_lists.o
  CC      fs/squashfs/cache.o
  CC      drivers/input/input-compat.o
  CC      drivers/input/input-mt.o
  CC      net/llc/llc_core.o
  LD      drivers/input/serio/built-in.o
  CC      net/llc/llc_input.o
  CC      fs/squashfs/dir.o
  CC      drivers/input/ff-core.o
  CC      fs/squashfs/export.o
  CC      net/core/dst.o
  CC      net/core/netevent.o
  CC      fs/squashfs/file.o
  CC      net/llc/llc_output.o
  CC      net/bridge/netfilter/ebtable_filter.o
  CC      drivers/input/keyboard/atkbd.o
  CC      net/ipv6/ip6_fib.o
  CC      net/ipv4/inet_hashtables.o
  CC      fs/squashfs/fragment.o
  CC      fs/squashfs/id.o
  CC      net/bridge/netfilter/ebtable_nat.o
  CC      net/mac80211/main.o
  LD      net/llc/llc.o
  LD      net/llc/built-in.o
  CC      net/mac80211/status.o
  CC      net/core/neighbour.o
  CC      fs/squashfs/inode.o
  CC      fs/squashfs/namei.o
  LD      drivers/input/keyboard/built-in.o
  LD      drivers/input/input-core.o
  LD      drivers/input/built-in.o
  CC      drivers/irqchip/irqchip.o
  CC      net/bridge/netfilter/ebt_arp.o
  CC      drivers/irqchip/irq-gic.o
  CC      fs/squashfs/super.o
  CC      net/ipv6/ipv6_sockglue.o
  CC      net/bridge/netfilter/ebt_ip.o
  CC      net/ipv4/inet_timewait_sock.o
  CC      fs/squashfs/symlink.o
  CC      drivers/irqchip/irq-gic-common.o
  LD      drivers/irqchip/built-in.o
  LD      drivers/leds/built-in.o
  LD      drivers/lguest/built-in.o
  LD      drivers/macintosh/built-in.o
  CC      drivers/mfd/syscon.o
  CC      fs/squashfs/decompressor.o
  LD      drivers/media/common/b2c2/built-in.o
  LD      drivers/media/common/saa7146/built-in.o
  LD      drivers/media/common/siano/built-in.o
  LD      drivers/media/common/built-in.o
  LD      drivers/media/firewire/built-in.o
  LD      drivers/media/i2c/soc_camera/built-in.o
  LD      drivers/media/i2c/built-in.o
  LD      drivers/media/mmc/siano/built-in.o
  LD      drivers/media/mmc/built-in.o
  LD      drivers/media/pci/b2c2/built-in.o
  LD      drivers/media/pci/ddbridge/built-in.o
  CC      net/mac80211/sta_info.o
  LD      drivers/media/pci/dm1105/built-in.o
  LD      drivers/media/pci/mantis/built-in.o
  LD      drivers/media/pci/ngene/built-in.o
  LD      drivers/media/pci/pluto2/built-in.o
  CC      net/bridge/netfilter/ebt_ip6.o
  LD      drivers/media/pci/pt1/built-in.o
  LD      drivers/media/pci/pt3/built-in.o
  LD      drivers/media/pci/saa7146/built-in.o
  LD      drivers/media/pci/smipcie/built-in.o
  LD      drivers/media/pci/ttpci/built-in.o
  LD      drivers/media/pci/built-in.o
  LD      drivers/media/platform/omap/built-in.o
  LD      drivers/media/platform/built-in.o
  LD      drivers/media/rc/keymaps/built-in.o
  LD      drivers/media/rc/built-in.o
  LD      drivers/media/tuners/built-in.o
  LD      drivers/media/usb/b2c2/built-in.o
  LD      drivers/media/usb/dvb-usb/built-in.o
  LD      drivers/media/usb/dvb-usb-v2/built-in.o
  LD      drivers/media/usb/s2255/built-in.o
  LD      drivers/media/usb/siano/built-in.o
  LD      drivers/media/usb/stkwebcam/built-in.o
  LD      drivers/media/usb/ttusb-budget/built-in.o
  LD      drivers/media/usb/ttusb-dec/built-in.o
  LD      drivers/media/usb/zr364xx/built-in.o
  LD      drivers/media/usb/built-in.o
  LD      drivers/media/built-in.o
  CC      net/bridge/netfilter/ebt_pkttype.o
  LD      drivers/mfd/built-in.o
  LD      drivers/misc/carma/built-in.o
  LD      drivers/misc/cb710/built-in.o
  LD      drivers/misc/eeprom/built-in.o
  LD      drivers/misc/lis3lv02d/built-in.o
  LD      drivers/misc/mic/built-in.o
  LD      drivers/misc/ti-st/built-in.o
  LD      drivers/misc/built-in.o
  LD      drivers/mmc/built-in.o
  CC      drivers/mtd/mtdcore.o
  CC      net/ipv4/inet_connection_sock.o
  CC      fs/squashfs/file_cache.o
  CC      net/bridge/netfilter/ebt_vlan.o
  CC      drivers/net/Space.o
  CC      net/ipv6/ndisc.o
  CC      fs/squashfs/decompressor_single.o
  CC      drivers/net/loopback.o
  CC      fs/squashfs/lz4_wrapper.o
  CC      net/bridge/netfilter/ebt_dnat.o
  CC      drivers/mtd/mtdsuper.o
  CC      fs/squashfs/lzo_wrapper.o
  CC      net/core/rtnetlink.o
  LD      drivers/net/ethernet/built-in.o
  CC      drivers/net/phy/phy.o
  CC      drivers/mtd/mtdconcat.o
  CC      fs/squashfs/xz_wrapper.o
  CC      net/bridge/netfilter/ebt_snat.o
  CC      net/ipv4/tcp.o
  CC      fs/squashfs/zlib_wrapper.o
  CC      net/mac80211/wep.o
  LD      net/bridge/netfilter/built-in.o
  LD      net/bridge/bridge.o
  LD      net/bridge/built-in.o
  CC      net/ipv4/tcp_input.o
  LD      fs/squashfs/squashfs.o
  LD      fs/squashfs/built-in.o
  CC      fs/sysfs/file.o
  CC      net/ipv6/udp.o
  CC      drivers/net/phy/phy_device.o
  CC      drivers/mtd/mtdpart.o
  CC      net/mac80211/wpa.o
  CC      fs/sysfs/dir.o
  CC      fs/sysfs/symlink.o
  CC      drivers/mtd/mtdchar.o
  CC      fs/sysfs/mount.o
  CC      net/mac80211/scan.o
  CC      drivers/net/phy/mdio_bus.o
  CC      net/core/utils.o
  CC      fs/sysfs/group.o
  LD      fs/sysfs/built-in.o
  CC      fs/udf/balloc.o
  CC      fs/udf/dir.o
  CC      drivers/mtd/mtd_blkdevs.o
In file included from /home/onigiri2/workspaces/1_inp/FirmHunter/Emulator/source/Kernel-armel/drivers/mtd/mtd_blkdevs.c:29:0:
/home/onigiri2/workspaces/1_inp/FirmHunter/Emulator/source/Kernel-armel/drivers/mtd/mtd_blkdevs.c: In function 'do_blktrans_request':
/home/onigiri2/workspaces/1_inp/FirmHunter/Emulator/source/Kernel-armel/include/linux/blkdev.h:624:26: warning: switch condition has boolean value [-Wswitch-bool]
 #define rq_data_dir(rq)  (((rq)->cmd_flags & 1) != 0)
                          ^
/home/onigiri2/workspaces/1_inp/FirmHunter/Emulator/source/Kernel-armel/drivers/mtd/mtd_blkdevs.c:100:9: note: in expansion of macro 'rq_data_dir'
  switch(rq_data_dir(req)) {
         ^
  CC      net/ipv6/udplite.o
  LD      drivers/net/phy/libphy.o
  LD      drivers/net/phy/built-in.o
  CC      drivers/net/ppp/ppp_generic.o
  CC      net/core/link_watch.o
  CC      drivers/mtd/mtdblock.o
  CC      fs/udf/file.o
  CC      drivers/net/slip/slhc.o
  CC      drivers/mtd/chips/chipreg.o
  CC      net/mac80211/offchannel.o
  CC      net/ipv6/raw.o
  CC      fs/udf/ialloc.o
  CC      drivers/mtd/chips/cfi_probe.o
  CC      net/core/filter.o
  CC      fs/udf/inode.o
  CC      drivers/mtd/chips/cfi_util.o
  CC      net/mac80211/ht.o
  LD      drivers/net/slip/built-in.o
  CC      fs/udf/lowlevel.o
  CC      drivers/net/ppp/bsd_comp.o
  CC      net/ipv4/tcp_output.o
  CC      net/ipv6/icmp.o
  CC      net/ipv6/mcast.o
  CC      drivers/mtd/chips/cfi_cmdset_0020.o
  CC      drivers/net/ppp/ppp_deflate.o
  CC      net/core/sock_diag.o
  CC      net/mac80211/agg-tx.o
  CC      drivers/net/ppp/ppp_mppe.o
  CC      fs/udf/namei.o
  CC      net/core/dev_ioctl.o
  CC      fs/udf/partition.o
  CC      drivers/net/ppp/pppox.o
  CC      drivers/net/ppp/pppoe.o
  CC      net/mac80211/agg-rx.o
  CC      net/core/tso.o
  CC      fs/udf/super.o
  CC      net/core/flow.o
  CC      drivers/mtd/chips/cfi_cmdset_0002.o
  CC      net/ipv4/tcp_timer.o
  CC      net/ipv6/reassembly.o
  CC      drivers/net/ppp/pptp.o
  CC      net/ipv6/tcp_ipv6.o
  CC      net/mac80211/vht.o
  CC      net/core/net-sysfs.o
  CC      fs/udf/truncate.o
  LD      drivers/net/ppp/built-in.o
  CC      net/mac80211/ibss.o
  LD      drivers/net/usb/built-in.o
  LD      drivers/net/wireless/built-in.o
  CC      drivers/net/tun.o
  CC      net/ipv4/tcp_ipv4.o
  CC      net/ipv4/tcp_minisocks.o
  CC      fs/udf/symlink.o
  CC      net/core/net-procfs.o
  CC      fs/udf/directory.o
  CC      net/ipv6/ping.o
  CC      fs/udf/misc.o
  LD      net/core/built-in.o
  CC      drivers/mtd/chips/cfi_cmdset_0001.o
  CC      drivers/mtd/chips/gen_probe.o
  CC      net/mac80211/iface.o
  CC      fs/udf/udftime.o
  CC      net/ipv6/exthdrs.o
  CC      fs/udf/unicode.o
  CC      net/ipv4/tcp_cong.o
  CC      drivers/net/virtio_net.o
  CC      net/ipv6/datagram.o
  LD      fs/udf/udf.o
  LD      fs/udf/built-in.o
  CC      fs/eventpoll.o
  CC      fs/anon_inodes.o
  CC      fs/signalfd.o
  CC      net/ipv4/tcp_metrics.o
  CC      net/ipv4/tcp_fastopen.o
  CC      net/ipv4/tcp_offload.o
  CC      net/mac80211/rate.o
  CC      net/ipv6/ip6_flowlabel.o
  CC      fs/timerfd.o
  LD      drivers/net/built-in.o
  CC      fs/eventfd.o
  CC      drivers/mtd/chips/jedec_probe.o
  CC      drivers/mtd/devices/block2mtd.o
  LD      drivers/mtd/lpddr/built-in.o
  CC      drivers/mtd/chips/map_ram.o
  CC      net/mac80211/michael.o
  CC      net/ipv4/datagram.o
  CC      net/ipv4/raw.o
  CC      lib/lockref.o
  CC      lib/bcd.o
  CC      net/mac80211/tkip.o
  CC      lib/div64.o
  CC      fs/aio.o
  CC      net/ipv6/inet6_connection_sock.o
  LD      drivers/mtd/devices/built-in.o
  CC      fs/locks.o
  CC      drivers/mtd/chips/map_rom.o
  CC      lib/sort.o
  CC      lib/parser.o
  CC      lib/halfmd4.o
  LD      drivers/mtd/chips/built-in.o
  CC      drivers/mtd/maps/physmap.o
  CC      drivers/mtd/maps/physmap_of.o
  CC      lib/debug_locks.o
  CC      lib/random32.o
  CC      net/ipv6/sysctl_net_ipv6.o
  LD      drivers/mtd/maps/built-in.o
  CC      drivers/mtd/nand/nand_base.o
  CC      drivers/mtd/nand/nand_bbt.o
  CC      net/mac80211/aes_ccm.o
  CC      lib/bust_spinlocks.o
  CC      net/ipv6/ip6mr.o
  CC      lib/kasprintf.o
  CC      net/ipv4/udp.o
  CC      net/ipv4/udplite.o
  CC      net/mac80211/aes_gcm.o
  CC      lib/bitmap.o
  CC      fs/binfmt_misc.o
  CC      fs/binfmt_script.o
  CC      net/mac80211/aes_cmac.o
  CC      lib/scatterlist.o
  CC      net/mac80211/aes_gmac.o
  CC      net/mac80211/cfg.o
  CC      fs/binfmt_elf.o
  CC      net/ipv4/udp_offload.o
  CC      lib/gcd.o
  CC      lib/lcm.o
  CC      net/mac80211/ethtool.o
  CC      lib/list_sort.o
  CC      net/ipv6/xfrm6_policy.o
  CC      lib/uuid.o
  CC      drivers/mtd/nand/nand_timings.o
  CC      lib/flex_array.o
  CC      drivers/mtd/nand/nand_ecc.o
  CC      lib/iov_iter.o
  CC      fs/mbcache.o
  CC      lib/clz_ctz.o
  CC      net/ipv6/xfrm6_state.o
  CC      fs/coredump.o
  CC      fs/drop_caches.o
  CC      drivers/mtd/nand/nand_ids.o
  CC      net/ipv4/arp.o
  CC      net/ipv4/icmp.o
  CC      drivers/mtd/nand/nandsim.o
  CC      net/ipv6/xfrm6_input.o
  CC      net/ipv6/xfrm6_output.o
  CC      net/mac80211/rx.o
  CC      fs/fhandle.o
  CC      lib/bsearch.o
  CC      lib/find_bit.o
  CC      net/ipv6/xfrm6_protocol.o
  LD      fs/built-in.o
  CC      lib/llist.o
  CC      net/ipv6/netfilter.o
  CC      lib/memweight.o
  CC      net/ipv4/devinet.o
  CC      lib/kfifo.o
  CC      net/ipv6/proc.o
  LD      drivers/nfc/built-in.o
  CC      net/ipv4/af_inet.o
  LD      drivers/mtd/nand/nand.o
  LD      drivers/mtd/nand/built-in.o
  LD      drivers/mtd/onenand/built-in.o
  LD      drivers/mtd/tests/built-in.o
  LD      drivers/mtd/mtd.o
  LD      drivers/mtd/built-in.o
  CC      drivers/of/base.o
  CC      drivers/pci/access.o
  LD      drivers/pinctrl/freescale/built-in.o
  LD      drivers/pinctrl/nomadik/built-in.o
  LD      drivers/pinctrl/built-in.o
  CC      net/ipv6/syncookies.o
  CC      lib/percpu-refcount.o
  LD      drivers/platform/built-in.o
  CC      net/ipv6/ah6.o
  CC      lib/percpu_ida.o
  CC      drivers/pci/bus.o
  CC      drivers/of/device.o
  CC      drivers/of/platform.o
  CC      net/mac80211/spectmgmt.o
  CC      lib/rhashtable.o
  CC      net/ipv6/esp6.o
  CC      net/ipv6/tunnel6.o
  CC      net/mac80211/tx.o
  CC      drivers/pci/probe.o
  CC      net/ipv4/igmp.o
  CC      net/ipv4/fib_frontend.o
  CC      drivers/of/fdt.o
  CC      drivers/of/fdt_address.o
  CC      net/ipv6/xfrm6_mode_transport.o
  CC      lib/reciprocal_div.o
  CC      lib/string_helpers.o
  CC      lib/hexdump.o
  CC      drivers/of/address.o
  CC      lib/kstrtox.o
  CC      net/netfilter/core.o
  CC      net/ipv6/xfrm6_mode_tunnel.o
  CC      drivers/pci/host-bridge.o
  CC      lib/pci_iomap.o
  CC      drivers/pci/remove.o
  CC      net/ipv6/xfrm6_mode_beet.o
  CC      lib/iomap_copy.o
  CC      drivers/of/irq.o
  CC      drivers/of/of_net.o
  CC      net/netfilter/nf_log.o
  CC      drivers/pci/pci.o
  CC      lib/devres.o
  CC      net/ipv4/fib_semantics.o
  CC      net/mac80211/key.o
  CC      net/mac80211/util.o
  CC      net/ipv6/netfilter/ip6_tables.o
  CC      drivers/of/of_mdio.o
  CC      lib/hweight.o
  CC      lib/bitrev.o
  CC      lib/crc16.o
  CC      net/netfilter/nf_queue.o
  CC      lib/crc-t10dif.o
  CC      lib/crc-itu-t.o
  CC      drivers/of/of_pci.o
  HOSTCC  lib/gen_crc32table
  CC      lib/genalloc.o
  CC      net/ipv4/fib_trie.o
  CC      net/netfilter/nf_sockopt.o
  CC      drivers/of/of_pci_irq.o
  CC      drivers/of/of_mtd.o
  CC      net/ipv6/netfilter/ip6table_filter.o
  CC      lib/fonts/fonts.o
  CC      lib/lz4/lz4_decompress.o
  CC      lib/fonts/font_8x16.o
  CC      drivers/of/of_reserved_mem.o
  CC      drivers/pci/pci-driver.o
  LD      lib/fonts/font.o
  LD      lib/fonts/built-in.o
  CC      drivers/pci/search.o
  CC      net/ipv6/netfilter/ip6table_mangle.o
  CC      net/netfilter/nfnetlink.o
  LD      lib/lz4/built-in.o
  CC      lib/lzo/lzo1x_compress.o
  LD      drivers/of/built-in.o
  CC      net/netfilter/nfnetlink_queue_core.o
  CC      lib/lzo/lzo1x_decompress_safe.o
  CC      net/ipv6/netfilter/ip6table_raw.o
  CC      net/ipv6/netfilter/nf_conntrack_l3proto_ipv6.o
  LD      lib/lzo/lzo_compress.o
  LD      lib/lzo/lzo_decompress.o
  LD      lib/lzo/built-in.o
  CC      lib/xz/xz_dec_syms.o
  CC      net/mac80211/wme.o
  CC      net/mac80211/event.o
  CC      net/ipv6/netfilter/nf_conntrack_proto_icmpv6.o
  CC      drivers/pci/pci-sysfs.o
  CC      lib/xz/xz_dec_stream.o
  CC      net/ipv4/inet_fragment.o
  CC      net/ipv4/ping.o
  CC      net/ipv6/netfilter/nf_nat_l3proto_ipv6.o
  CC      lib/xz/xz_dec_lzma2.o
  CC      net/netfilter/nfnetlink_log.o
  CC      net/mac80211/chan.o
  CC      net/mac80211/trace.o
  CC      drivers/pci/rom.o
  CC      drivers/pci/setup-res.o
  CC      net/netlink/af_netlink.o
  CC      lib/xz/xz_dec_bcj.o
  CC      net/ipv6/netfilter/nf_nat_proto_icmpv6.o
  CC      net/ipv6/netfilter/nf_defrag_ipv6_hooks.o
  CC      drivers/pci/irq.o
  LD      lib/xz/xz_dec.o
  LD      lib/xz/built-in.o
  CC      lib/zlib_deflate/deflate.o
  CC      net/netfilter/nf_conntrack_core.o
  CC      net/ipv4/ip_tunnel_core.o
  CC      lib/zlib_deflate/deftree.o
  CC      drivers/pci/vpd.o
  CC      net/ipv6/netfilter/nf_conntrack_reasm.o
  CC      net/mac80211/mlme.o
  CC      net/mac80211/tdls.o
  CC      drivers/pci/setup-bus.o
  CC      net/ipv4/gre_offload.o
  CC      lib/zlib_deflate/deflate_syms.o
  CC      net/ipv6/netfilter/nf_reject_ipv6.o
  LD      lib/zlib_deflate/zlib_deflate.o
  LD      lib/zlib_deflate/built-in.o
  CC      lib/zlib_inflate/inffast.o
  CC      lib/zlib_inflate/inflate.o
  CC      net/ipv4/ip_tunnel.o
  CC      net/netfilter/nf_conntrack_standalone.o
  CC      net/netlink/genetlink.o
  CC      drivers/pci/vc.o
  CC      net/netlink/diag.o
  CC      net/ipv6/netfilter/ip6t_REJECT.o
  CC      lib/zlib_inflate/infutil.o
  CC      drivers/pci/proc.o
  CC      net/netfilter/nf_conntrack_expect.o
  LD      net/ipv6/netfilter/nf_conntrack_ipv6.o
  LD      net/ipv6/netfilter/nf_nat_ipv6.o
  LD      net/ipv6/netfilter/nf_defrag_ipv6.o
  LD      net/ipv6/netfilter/built-in.o
  CC      net/ipv6/sit.o
  CC      lib/zlib_inflate/inftrees.o
  CC      drivers/pci/slot.o
  CC      lib/zlib_inflate/inflate_syms.o
  LD      net/netlink/netlink_diag.o
  CC      drivers/pci/quirks.o
  LD      lib/zlib_inflate/zlib_inflate.o
  LD      lib/zlib_inflate/built-in.o
  CC      lib/textsearch.o
  CC      lib/ts_kmp.o
  LD      net/netlink/built-in.o
  CC      lib/ts_bm.o
  CC      net/ipv6/ip6_tunnel.o
  CC      net/ipv4/sysctl_net_ipv4.o
  CC      net/ipv4/proc.o
  CC      lib/ts_fsm.o
  CC      net/netfilter/nf_conntrack_helper.o
  CC      lib/swiotlb.o
  CC      net/mac80211/ocb.o
  CC      lib/iommu-helper.o
  CC      net/ipv4/ipmr.o
  CC      net/ipv4/ipip.o
  CC      net/ipv6/addrconf_core.o
  CC      net/netfilter/nf_conntrack_proto.o
  CC      net/mac80211/pm.o
  CC      drivers/pci/host/pci-host-generic.o
  CC      drivers/pci/pcie/aspm.o
  CC      drivers/pci/msi.o
  CC      net/ipv6/exthdrs_core.o
  LD      drivers/pci/host/built-in.o
  CC      net/ipv6/ip6_checksum.o
  CC      lib/iommu-common.o
  CC      net/netfilter/nf_conntrack_l3proto_generic.o
  CC      net/mac80211/rc80211_minstrel.o
  CC      lib/syscall.o
  CC      drivers/pci/pcie/portdrv_core.o
  CC      drivers/pci/pcie/portdrv_pci.o
  CC      lib/nlattr.o
  CC      net/ipv4/gre_demux.o
  CC      net/ipv6/ip6_icmp.o
  CC      net/netfilter/nf_conntrack_proto_generic.o
  CC      net/netfilter/nf_conntrack_proto_tcp.o
  CC      drivers/pci/pcie/portdrv_bus.o
  CC      lib/average.o
  CC      net/ipv6/output_core.o
  CC      lib/dynamic_queue_limits.o
  CC      drivers/pci/setup-irq.o
  CC      net/mac80211/rc80211_minstrel_ht.o
  CC      lib/strncpy_from_user.o
  CC      drivers/pci/pcie/aer/aerdrv_errprint.o
  CC      drivers/pci/syscall.o
  CC      lib/strnlen_user.o
  LD      drivers/pwm/built-in.o
  CC      drivers/pci/of.o
  CC      net/ipv4/ip_gre.o
  CC      lib/net_utils.o
  CC      drivers/pci/pcie/aer/aerdrv_core.o
  CC      drivers/pci/pcie/aer/aerdrv.o
  CC      net/packet/af_packet.o
  CC      net/ipv6/protocol.o
  CC      lib/argv_split.o
  CC      net/netfilter/nf_conntrack_proto_udp.o
  CC      lib/bug.o
  CC      lib/cmdline.o
  LD      net/mac80211/mac80211.o
  LD      net/mac80211/built-in.o
  CC      lib/ctype.o
  LD      drivers/pci/pcie/aer/aerdriver.o
  LD      drivers/pci/pcie/aer/built-in.o
  CC      drivers/pci/pcie/pme.o
  CC      drivers/ras/ras.o
  CC      net/ipv6/ip6_offload.o
  CC      net/ipv6/tcpv6_offload.o
  CC      net/ipv4/syncookies.o
  CC      lib/dec_and_lock.o
  CC      lib/decompress.o
  CC      drivers/ras/debugfs.o
  CC      lib/decompress_bunzip2.o
  LD      drivers/pci/pcie/pcieportdrv.o
  CC      net/netfilter/nf_conntrack_extend.o
  LD      drivers/pci/pcie/built-in.o
  LD      drivers/pci/built-in.o
  LD      drivers/ras/built-in.o
  CC      net/netfilter/nf_conntrack_acct.o
  CC      drivers/rtc/rtc-lib.o
  CC      drivers/rtc/hctosys.o
  CC      net/ipv6/udp_offload.o
  CC      net/ipv6/exthdrs_offload.o
  CC      lib/decompress_inflate.o
  CC      drivers/rtc/systohc.o
  CC      net/ipv4/ah4.o
  CC      net/ipv6/inet6_hashtables.o
  CC      lib/decompress_unlz4.o
  CC      drivers/rtc/class.o
  CC      net/netfilter/nf_conntrack_seqadj.o
  CC      drivers/rtc/interface.o
  CC      net/sched/sch_generic.o
  CC      lib/decompress_unlzma.o
  CC      net/sched/sch_mq.o
  CC      lib/decompress_unlzo.o
  CC      drivers/rtc/rtc-dev.o
  LD      net/ipv6/ipv6.o
  LD      net/ipv6/built-in.o
  CC      net/ipv4/esp4.o
  CC      lib/decompress_unxz.o
  LD      net/packet/built-in.o
  CC      lib/dump_stack.o
  CC      net/netfilter/nf_conntrack_netlink.o
  CC      drivers/scsi/scsi.o
  CC      net/netfilter/nf_conntrack_ftp.o
  CC      lib/earlycpio.o
  CC      net/netfilter/nf_conntrack_broadcast.o
  CC      lib/extable.o
  LD      net/sched/built-in.o
  CC      lib/fdt.o
  CC      net/unix/af_unix.o
  CC      drivers/rtc/rtc-proc.o
  CC      lib/fdt_empty_tree.o
  CC      lib/fdt_ro.o
  CC      drivers/rtc/rtc-sysfs.o
  CC      drivers/rtc/rtc-cmos.o
  CC      lib/fdt_rw.o
  CC      net/ipv4/ipcomp.o
  CC      net/ipv4/xfrm4_tunnel.o
  CC      drivers/scsi/hosts.o
  CC      lib/fdt_strerror.o
  CC      net/ipv4/xfrm4_mode_beet.o
  CC      lib/fdt_sw.o
  CC      lib/fdt_wip.o
  CC      net/unix/garbage.o
  CC      lib/flex_proportions.o
  CC      lib/idr.o
  CC      net/netfilter/nf_conntrack_netbios_ns.o
  CC      net/netfilter/nf_conntrack_tftp.o
  CC      drivers/rtc/rtc-pl031.o
  CC      net/ipv4/inet_lro.o
  CC      drivers/scsi/scsi_ioctl.o
  CC      drivers/scsi/scsicam.o
  CC      drivers/scsi/scsi_error.o
  CC      lib/int_sqrt.o
  LD      drivers/rtc/rtc-core.o
  LD      drivers/rtc/built-in.o
  CC      lib/ioremap.o
  LD      drivers/soc/built-in.o
  CC      lib/irq_regs.o
  CC      net/netfilter/nf_nat_core.o
  CC      drivers/tty/tty_io.o
  CC      net/unix/sysctl_net_unix.o
  CC      drivers/tty/n_tty.o
  CC      drivers/tty/tty_ioctl.o
  CC      lib/is_single_threaded.o
  CC      lib/klist.o
  CC      net/ipv4/tunnel4.o
  LD      net/unix/unix.o
  LD      net/unix/built-in.o
  CC      net/ipv4/xfrm4_mode_transport.o
  CC      lib/kobject.o
  CC      net/wireless/core.o
  CC      net/xfrm/xfrm_policy.o
  CC      drivers/scsi/scsi_lib.o
  CC      net/ipv4/xfrm4_mode_tunnel.o
  CC      net/netfilter/nf_nat_proto_unknown.o
  CC      lib/kobject_uevent.o
  CC      net/netfilter/nf_nat_proto_common.o
  CC      net/netfilter/nf_nat_proto_udp.o
  CC      drivers/tty/tty_ldisc.o
  CC      net/ipv4/ipconfig.o
  CC      net/ipv4/netfilter.o
  CC      net/netfilter/nf_nat_proto_tcp.o
  CC      lib/md5.o
  CC      net/wireless/sysfs.o
  CC      lib/plist.o
  CC      drivers/tty/tty_buffer.o
  CC      lib/proportions.o
  CC      net/netfilter/nf_nat_helper.o
  CC      lib/radix-tree.o
  CC      drivers/scsi/scsi_lib_dma.o
  CC      net/wireless/radiotap.o
  CC      net/wireless/util.o
  CC      net/ipv4/netfilter/nf_conntrack_l3proto_ipv4_compat.o
  CC      drivers/tty/tty_port.o
  CC      drivers/scsi/scsi_scan.o
  CC      net/netfilter/nf_nat_redirect.o
  CC      net/netfilter/nf_nat_ftp.o
  CC      lib/ratelimit.o
  CC      lib/rbtree.o
  CC      drivers/tty/tty_mutex.o
  CC      net/ipv4/netfilter/nf_conntrack_l3proto_ipv4.o
  CC      net/xfrm/xfrm_state.o
  CC      drivers/tty/tty_ldsem.o
  CC      lib/seq_buf.o
  CC      lib/sha1.o
  CC      net/netfilter/nf_nat_tftp.o
  CC      net/wireless/reg.o
  CC      drivers/tty/pty.o
  CC      net/ipv4/netfilter/nf_conntrack_proto_icmp.o
  CC      lib/show_mem.o
  CC      net/netfilter/x_tables.o
  CC      lib/string.o
  CC      net/ipv4/netfilter/nf_nat_l3proto_ipv4.o
  CC      drivers/scsi/scsi_sysfs.o
  CC      lib/timerqueue.o
  CC      drivers/tty/sysrq.o
  CC      drivers/tty/hvc/hvc_console.o
  CC      lib/vsprintf.o
  CC      net/ipv4/netfilter/nf_nat_proto_icmp.o
  CC      net/ipv4/netfilter/nf_defrag_ipv4.o
  LD      drivers/tty/hvc/built-in.o
  LD      drivers/tty/ipwireless/built-in.o
  CC      drivers/tty/serial/serial_core.o
  CC      net/netfilter/xt_tcpudp.o
  CC      drivers/scsi/scsi_devinfo.o
  CC      net/netfilter/xt_NETMAP.o
  CC      net/xfrm/xfrm_hash.o
  CC      net/wireless/scan.o
  CC      net/xfrm/xfrm_input.o
  CC      net/xfrm/xfrm_output.o
  CC      net/netfilter/xt_REDIRECT.o
  CC      net/ipv4/netfilter/nf_reject_ipv4.o
  CC      drivers/scsi/scsi_sysctl.o
  CC      drivers/scsi/scsi_proc.o
  CC      net/netfilter/xt_comment.o
  GEN     lib/crc32table.h
  AR      lib/lib.a
  CC      lib/crc32.o
  CC      drivers/tty/serial/earlycon.o
  CC      drivers/tty/serial/amba-pl011.o
  CC      net/xfrm/xfrm_sysctl.o
  CC      net/netfilter/xt_conntrack.o
  CC      net/ipv4/netfilter/ip_tables.o
  CC      drivers/scsi/scsi_trace.o
  CC      drivers/scsi/scsi_logging.o
  LD      lib/built-in.o
  CC      drivers/scsi/scsi_pm.o
  CC      net/xfrm/xfrm_replay.o
  CC      net/xfrm/xfrm_algo.o
  CC      net/netfilter/xt_esp.o
  CC      net/wireless/nl80211.o
  LD      drivers/tty/serial/built-in.o
  CC      drivers/tty/vt/vt_ioctl.o
  CC      net/wireless/mlme.o
  CC      drivers/scsi/scsi_transport_spi.o
  CC      net/netfilter/xt_state.o
  CC      drivers/scsi/virtio_scsi.o
  CC      net/xfrm/xfrm_user.o
  CC      net/ipv4/netfilter/iptable_filter.o
  CC      net/netfilter/xt_string.o
  CC      net/ipv4/netfilter/iptable_mangle.o
  CC      drivers/tty/vt/vc_screen.o
  CC      drivers/tty/vt/selection.o
  LD      net/netfilter/netfilter.o
  LD      net/netfilter/nfnetlink_queue.o
  LD      net/netfilter/nf_conntrack.o
  LD      net/netfilter/nf_nat.o
  LD      net/netfilter/built-in.o
  CC      drivers/usb/common/common.o
  CC      drivers/usb/core/usb.o
  LD      drivers/usb/common/usb-common.o
  LD      drivers/usb/common/built-in.o
  CC      net/xfrm/xfrm_ipcomp.o
  LD      drivers/video/backlight/built-in.o
  CC      drivers/video/console/dummycon.o
  CC      drivers/tty/vt/keyboard.o
  CC      net/ipv4/netfilter/iptable_raw.o
  LD      drivers/scsi/arm/built-in.o
  CC      drivers/scsi/sd.o
  CC      drivers/video/console/fbcon.o
  CC      drivers/usb/core/hub.o
  CC      net/ipv4/netfilter/ipt_REJECT.o
  CC      net/ipv4/netfilter/arp_tables.o
  LD      net/xfrm/built-in.o
  CC      drivers/usb/host/pci-quirks.o
  LD      drivers/usb/misc/built-in.o
  CC      drivers/scsi/sd_dif.o
  CC      drivers/tty/vt/consolemap.o
  CONMK   drivers/tty/vt/consolemap_deftbl.c
  LD      drivers/scsi/scsi_mod.o
  CC      drivers/virtio/virtio.o
  LD      drivers/usb/host/built-in.o
  CC      net/wireless/ibss.o
  CC      net/ipv4/netfilter/arpt_mangle.o
  LD      drivers/scsi/sd_mod.o
  LD      drivers/scsi/built-in.o
  CC      drivers/virtio/virtio_ring.o
  CC      net/wireless/sme.o
  CC      drivers/tty/vt/vt.o
  CC      net/ipv4/netfilter/arptable_filter.o
  CC      drivers/video/console/bitblit.o
  SHIPPED drivers/tty/vt/defkeymap.c
  CC      drivers/usb/core/hcd.o
  CC      drivers/virtio/virtio_mmio.o
  LD      net/ipv4/netfilter/nf_conntrack_ipv4.o
  LD      net/ipv4/netfilter/nf_nat_ipv4.o
  LD      net/ipv4/netfilter/built-in.o
  CC      net/ipv4/inet_diag.o
  CC      net/ipv4/tcp_diag.o
  CC      drivers/video/console/softcursor.o
  CC      drivers/virtio/virtio_pci_modern.o
  CC      net/ipv4/tcp_cubic.o
  CC      net/wireless/chan.o
  LD      drivers/video/console/built-in.o
  CC      drivers/video/fbdev/core/fb_notify.o
  CC      drivers/usb/core/urb.o
  CC      drivers/virtio/virtio_pci_common.o
  CC      drivers/video/fbdev/core/fb_cmdline.o
  CC      drivers/usb/core/message.o
  CC      net/ipv4/xfrm4_policy.o
  CC      drivers/video/fbdev/core/fbmem.o
  CC      net/ipv4/xfrm4_state.o
  CC      drivers/virtio/virtio_pci_legacy.o
  CC      drivers/virtio/virtio_balloon.o
  CC      drivers/video/display_timing.o
  CC      drivers/video/fbdev/core/fbmon.o
  CC      drivers/usb/core/driver.o
  CC      net/ipv4/xfrm4_input.o
  CC      drivers/tty/vt/consolemap_deftbl.o
  CC      drivers/tty/vt/defkeymap.o
  CC      net/wireless/ethtool.o
  CC      drivers/virtio/virtio_input.o
  LD      drivers/tty/vt/built-in.o
  LD      drivers/tty/built-in.o
  CC      net/ipv4/xfrm4_output.o
  CC      net/ipv4/xfrm4_protocol.o
  CC      drivers/usb/core/config.o
  CC      drivers/usb/core/file.o
  LD      drivers/virtio/virtio_pci.o
  LD      drivers/virtio/built-in.o
  CC      drivers/usb/core/buffer.o
  CC      net/wireless/mesh.o
  CC      net/wireless/ap.o
  CC      net/wireless/trace.o
  CC      drivers/video/fbdev/core/fbcmap.o
  CC      drivers/video/fbdev/core/fbsysfs.o
  CC      drivers/video/fbdev/core/modedb.o
  CC      drivers/usb/core/sysfs.o
  LD      net/ipv4/gre.o
  LD      net/ipv4/built-in.o
  CC      net/wireless/ocb.o
  CC      drivers/video/fbdev/core/fbcvt.o
  CC      drivers/video/fbdev/core/cfbfillrect.o
  CC      drivers/video/fbdev/core/cfbcopyarea.o
  CC      drivers/usb/core/endpoint.o
  CC      net/wireless/wext-compat.o
  CC      net/wireless/wext-sme.o
  CC      drivers/usb/phy/of.o
  CC      drivers/usb/storage/scsiglue.o
  CC      drivers/usb/storage/protocol.o
  CC      drivers/usb/storage/transport.o
  CC      drivers/video/fbdev/core/cfbimgblt.o
  CC      drivers/usb/core/devio.o
  LD      drivers/usb/phy/built-in.o
  CC      drivers/usb/core/notify.o
  LD      drivers/video/fbdev/omap2/displays-new/built-in.o
  LD      drivers/video/fbdev/omap2/dss/built-in.o
  LD      drivers/video/fbdev/omap2/built-in.o
  CC      net/sysctl_net.o
  CC      drivers/usb/core/generic.o
  CC      net/wireless/wext-core.o
  LD      drivers/video/fbdev/core/fb.o
  LD      drivers/video/fbdev/core/built-in.o
  CC      drivers/video/fbdev/amba-clcd.o
  CC      drivers/usb/storage/usb.o
  CC      drivers/usb/storage/initializers.o
  CC      drivers/video/videomode.o
  CC      drivers/video/of_display_timing.o
  CC      net/wireless/wext-proc.o
  CC      drivers/usb/storage/sierra_ms.o
  CC      drivers/usb/core/quirks.o
  LD      drivers/video/fbdev/built-in.o
  CC      drivers/usb/storage/option_ms.o
  CC      drivers/usb/storage/usual-tables.o
  CC      drivers/video/of_videomode.o
  LD      net/wireless/cfg80211.o
  LD      net/wireless/built-in.o
  LD      net/built-in.o
  CC      drivers/usb/core/devices.o
  CC      drivers/usb/core/port.o
  LD      drivers/video/built-in.o
  CC      drivers/usb/core/hcd-pci.o
  LD      drivers/usb/storage/usb-storage.o
  LD      drivers/usb/storage/built-in.o
  LD      drivers/usb/core/usbcore.o
  LD      drivers/usb/core/built-in.o
  LD      drivers/usb/built-in.o
  LD      drivers/built-in.o
  LINK    vmlinux
  LD      vmlinux.o
  MODPOST vmlinux.o
  GEN     .version
  CHK     include/generated/compile.h
  UPD     include/generated/compile.h
  CC      init/version.o
  LD      init/built-in.o
  KSYM    .tmp_kallsyms1.o
  KSYM    .tmp_kallsyms2.o
  LD      vmlinux
  SORTEX  vmlinux
  SYSMAP  System.map
  OBJCOPY arch/arm/boot/Image
  Kernel: arch/arm/boot/Image is ready
  LDS     arch/arm/boot/compressed/vmlinux.lds
  AS      arch/arm/boot/compressed/head.o
  GZIP    arch/arm/boot/compressed/piggy.gzip
  CC      arch/arm/boot/compressed/misc.o
  CC      arch/arm/boot/compressed/decompress.o
  CC      arch/arm/boot/compressed/string.o
  SHIPPED arch/arm/boot/compressed/hyp-stub.S
  SHIPPED arch/arm/boot/compressed/lib1funcs.S
  SHIPPED arch/arm/boot/compressed/ashldi3.S
  SHIPPED arch/arm/boot/compressed/bswapsdi2.S
  AS      arch/arm/boot/compressed/hyp-stub.o
  AS      arch/arm/boot/compressed/lib1funcs.o
  AS      arch/arm/boot/compressed/ashldi3.o
  AS      arch/arm/boot/compressed/bswapsdi2.o
  AS      arch/arm/boot/compressed/piggy.gzip.o
  LD      arch/arm/boot/compressed/vmlinux
  OBJCOPY arch/arm/boot/zImage
  Kernel: arch/arm/boot/zImage is ready
make[1]: Leaving directory '/home/onigiri2/workspaces/1_inp/FirmHunter/Emulator/source/Kernel-armel/build/armel'
